<?xml version="1.0" encoding="UTF-8"?>
<!-- Generated by org.testng.reporters.JUnitReportReporter -->
<testsuite skipped="0" hostname="ATMECSINLT-407" name="com.atmecs.parallel.testscripts.Login" tests="1" failures="0" timestamp="2020-10-12T16:57:04 IST" time="8.497" errors="0">
  <testcase name="login" time="8.497" classname="com.atmecs.parallel.testscripts.Login"/>
</testsuite> <!-- com.atmecs.parallel.testscripts.Login -->
