<?xml version="1.0" encoding="UTF-8"?>
<!-- Generated by org.testng.reporters.JUnitReportReporter -->
<testsuite skipped="0" hostname="ATMECSINLT-407" name="com.atmecs.parallel.testscripts.AddToCart" tests="1" failures="0" timestamp="2020-10-12T18:47:33 IST" time="25.195" errors="0">
  <testcase name="addtoCart" time="25.195" classname="com.atmecs.parallel.testscripts.AddToCart"/>
  <system-out/>
</testsuite> <!-- com.atmecs.parallel.testscripts.AddToCart -->
