<?xml version="1.0" encoding="UTF-8"?>
<!-- Generated by org.testng.reporters.JUnitReportReporter -->
<testsuite skipped="0" hostname="ATMECSINLT-407" name="com.atmecs.parallel.testscripts.Registration" tests="1" failures="0" timestamp="2020-10-12T18:47:33 IST" time="7.898" errors="0">
  <testcase name="register" time="7.898" classname="com.atmecs.parallel.testscripts.Registration"/>
  <system-out/>
</testsuite> <!-- com.atmecs.parallel.testscripts.Registration -->
