<?xml version="1.0" encoding="UTF-8"?>
<!-- Generated by org.testng.reporters.JUnitReportReporter -->
<testsuite skipped="0" hostname="ATMECSINLT-407" name="com.atmecs.parallel.testscripts.Login" tests="1" failures="0" timestamp="2020-10-12T18:47:33 IST" time="9.181" errors="0">
  <testcase name="login" time="9.181" classname="com.atmecs.parallel.testscripts.Login"/>
  <system-out/>
</testsuite> <!-- com.atmecs.parallel.testscripts.Login -->
